error: Not authenticated, 2024-05-17T18:52:00.427Z  
error: Not authenticated, 2024-05-17T20:22:06.234Z  
error: Invalid input, 2024-05-17T20:43:26.227Z  
error: Invalid input, 2024-05-17T20:54:41.492Z  
error: Invalid input, 2024-05-17T20:56:40.986Z  
error: Invalid input, 2024-05-17T20:57:13.845Z  
error: Invalid input, 2024-05-17T21:01:00.542Z  
error: status is not defined, 2024-05-17T21:02:19.243Z  
error: Not authenticated, 2024-05-17T21:04:43.305Z  
error: Not authenticated, 2024-05-18T07:50:58.445Z  
error: Conflict, 2024-05-18T08:03:35.237Z  
error: Invalid input, 2024-05-18T08:03:57.014Z  
error: Not authenticated, 2024-05-18T08:18:42.914Z  
error: Cast to ObjectId failed for value "2" (type string) at path "_id" for model "Meal", 2024-05-18T08:19:06.553Z  
error: Not authenticated, 2024-05-18T09:05:08.358Z  
error: Not found, 2024-05-18T09:12:59.424Z  
error: Not found, 2024-05-18T09:17:01.095Z  
error: Not found, 2024-05-18T09:17:18.509Z  
error: Not found, 2024-05-18T09:17:28.942Z  
error: Not found, 2024-05-18T09:35:56.140Z  
error: Not found, 2024-05-18T09:36:24.504Z  
error: Not found, 2024-05-18T09:36:34.510Z  
error: Not found, 2024-05-18T09:37:39.004Z  
error: Not authenticated, 2024-05-18T10:26:19.550Z  
error: Invalid input, 2024-05-18T10:28:20.128Z  
error: Conflict, 2024-05-18T10:28:31.044Z  
error: E11000 duplicate key error collection: test.menucategories index: name_1 dup key: { name: "Snacks" }, 2024-05-18T10:33:15.763Z  
error: Conflict, 2024-05-18T10:33:43.186Z  
error: Conflict, 2024-05-18T10:36:07.829Z  
error: Not found, 2024-05-18T10:40:09.608Z  
error: Conflict, 2024-05-18T10:40:26.327Z  
error: Conflict, 2024-05-18T10:40:31.919Z  
error: Conflict, 2024-05-18T10:47:13.547Z  
error: Expected double-quoted property name in JSON at position 24, 2024-05-18T10:50:42.849Z  
error: Conflict, 2024-05-18T11:00:08.227Z  
error: Conflict, 2024-05-18T13:01:42+02:00  
error: Conflict, 2024-05-18T13:03:25+02:00  
error: Not found, 2024-05-18T13:05:08+02:00  
error: Not authenticated, 2024-05-18T13:14:23+02:00  
error: Not authenticated, 2024-05-18T13:16:39+02:00  
error: Not authenticated, 2024-05-18T13:24:33+02:00  
error: Not authenticated, 2024-05-18T13:24:47+02:00  
error: Not authenticated, 2024-05-18T13:26:43+02:00  
error: Not authenticated, 2024-05-18T13:28:34+02:00  
error: Not authenticated, 2024-05-18T13:28:38+02:00  
error: Not authenticated, 2024-05-18T13:28:45+02:00  
error: Not authenticated, 2024-05-18T13:29:14+02:00  
error: Invalid password, 2024-05-18T13:36:05+02:00  
error: Invalid password, 2024-05-18T13:36:26+02:00  
error: Token expired, 2024-05-18T13:38:24+02:00  
error: Token expired, 2024-05-18T13:38:29+02:00  
error: Token expired, 2024-05-18T13:38:59+02:00  
error: Conflict, 2024-05-18T13:39:39+02:00  
error: Operation `adminusers.findOne()` buffering timed out after 10000ms, 2024-05-20T14:13:13+02:00  
error: Operation `adminusers.findOne()` buffering timed out after 10000ms, 2024-05-20T14:14:04+02:00  
error: Token expired, 2024-05-20T14:17:32+02:00  
error: Conflict, 2024-05-20T14:25:16+02:00  
error: Conflict, 2024-05-20T14:25:23+02:00  
error: Token expired, 2024-05-20T15:01:50+02:00  
error: Token expired, 2024-05-20T15:04:14+02:00  
error: Token expired, 2024-05-20T15:04:20+02:00  
error: Not authenticated, 2024-05-20T15:05:22+02:00  
error: Token expired, 2024-05-20T15:05:30+02:00  
error: Token expired, 2024-05-20T15:06:09+02:00  
error: Token expired, 2024-05-20T15:06:18+02:00  
error: Not authenticated, 2024-05-20T15:09:31+02:00  
error: Not authenticated, 2024-05-20T15:09:33+02:00  
error: Not authenticated, 2024-05-20T15:09:49+02:00  
error: Not authenticated, 2024-05-20T15:09:52+02:00  
error: Not authenticated, 2024-05-20T15:09:53+02:00  
error: Not authenticated, 2024-05-20T15:09:58+02:00  
error: Not authenticated, 2024-05-20T15:10:26+02:00  
error: Not authenticated, 2024-05-20T15:12:30+02:00  
error: Invalid password, 2024-05-20T15:23:47+02:00  
error: Not authenticated, 2024-05-20T15:24:16+02:00  
error: Not authenticated, 2024-05-20T15:24:30+02:00  
error: Not authenticated, 2024-05-20T15:24:33+02:00  
error: Conflict, 2024-05-20T15:25:40+02:00  
error: Not authenticated, 2024-05-20T15:36:39+02:00  
error: Not admin user, 2024-05-20T15:39:52+02:00  
error: Conflict, 2024-05-20T15:41:12+02:00  
error: Not admin user, 2024-05-20T15:47:23+02:00  
error: Not admin user, 2024-05-20T15:48:32+02:00  
error: schemas.Topping.delete is not a function, 2024-05-20T15:48:38+02:00  
error: orders is not defined, 2024-05-20T16:00:15+02:00  
error: Not admin user, 2024-05-20T16:58:18+02:00  
error: Cast to string failed for value "{ orderid: '1' }" (type Object) at path "order_id" for model "Order", 2024-05-20T16:59:39+02:00  
error: Cast to string failed for value "{ orderid: '5' }" (type Object) at path "order_id" for model "Order", 2024-05-20T17:01:04+02:00  
error: Invalid password, 2024-05-20T17:25:33+02:00  
error: Not authenticated, 2024-05-20T17:25:59+02:00  
error: Not authenticated, 2024-05-20T17:26:08+02:00  
error: Not authenticated, 2024-05-20T17:26:12+02:00  
error: Not authenticated, 2024-05-20T17:26:14+02:00  
error: Not authenticated, 2024-05-20T17:35:01+02:00  
error: authorizationHeader is not defined, 2024-05-20T17:35:48+02:00  
error: authorizationHeader is not defined, 2024-05-20T17:35:50+02:00  
error: Not found, 2024-05-20T20:37:30+02:00  
error: name is not defined, 2024-05-20T20:39:56+02:00  
error: categories is not defined, 2024-05-20T20:56:58+02:00  
error: categories is not defined, 2024-05-20T20:57:06+02:00  
error: categories is not defined, 2024-05-20T20:57:17+02:00  
error: name is not defined, 2024-05-20T21:00:59+02:00  
error: Conflict, 2024-05-20T21:09:20+02:00  
error: Meal validation failed: category_id: Path `category_id` is required., 2024-05-20T21:10:56+02:00  
error: Invalid input, 2024-05-20T21:11:21+02:00  
error: Meal validation failed: category_id: Cast to ObjectId failed for value "2" (type string) at path "category_id" because of "BSONError", 2024-05-20T21:11:49+02:00  
error: Meal validation failed: category_id: Cast to ObjectId failed for value "2" (type string) at path "category_id" because of "BSONError", 2024-05-20T21:12:28+02:00  
error: mongoose is not defined, 2024-05-20T21:14:07+02:00  
error: Class constructor ObjectId cannot be invoked without 'new', 2024-05-20T21:14:23+02:00  
error: Invalid input, 2024-05-20T21:15:46+02:00  
error: Invalid input, 2024-05-20T21:16:03+02:00  
error: Meal validation failed: category_id: Cast to ObjectId failed for value "5" (type number) at path "category_id" because of "BSONError", 2024-05-20T21:16:08+02:00  
error: Invalid input, 2024-05-20T21:16:27+02:00  
error: Invalid input, 2024-05-20T21:18:59+02:00  
error: Invalid input, 2024-05-20T21:26:41+02:00  
error: Conflict, 2024-05-20T21:27:41+02:00  
error: Not found, 2024-05-20T21:30:42+02:00  
error: Not found, 2024-05-20T21:32:08+02:00  
error: Conflict, 2024-05-20T21:32:12+02:00  
error: Not found, 2024-05-20T21:40:53+02:00  
error: Not found, 2024-05-20T21:41:07+02:00  
error: Not found, 2024-05-20T21:51:08+02:00  
error: Not found, 2024-05-20T21:54:09+02:00  
error: Not found, 2024-05-20T21:54:25+02:00  
error: Not found, 2024-05-20T21:54:31+02:00  
error: order is not defined, 2024-05-20T22:16:28+02:00  
error: order is not defined, 2024-05-20T22:16:43+02:00  
error: Cannot read properties of undefined (reading 'id'), 2024-05-20T22:19:04+02:00  
error: Cannot read properties of undefined (reading 'id'), 2024-05-20T22:21:28+02:00  
