error: Not authenticated, 2024-05-17T18:52:00.427Z  
error: Not authenticated, 2024-05-17T20:22:06.235Z  
error: Invalid input, 2024-05-17T20:43:26.227Z  
error: Invalid input, 2024-05-17T20:54:41.493Z  
error: Invalid input, 2024-05-17T20:56:40.987Z  
error: Invalid input, 2024-05-17T20:57:13.845Z  
error: Invalid input, 2024-05-17T21:01:00.542Z  
error: status is not defined, 2024-05-17T21:02:19.243Z  
error: Not authenticated, 2024-05-17T21:04:43.306Z  
error: Not authenticated, 2024-05-18T07:50:58.446Z  
error: Conflict, 2024-05-18T08:03:35.238Z  
error: Invalid input, 2024-05-18T08:03:57.014Z  
error: Not authenticated, 2024-05-18T08:18:42.915Z  
error: Cast to ObjectId failed for value "2" (type string) at path "_id" for model "Meal", 2024-05-18T08:19:06.553Z  
error: Not authenticated, 2024-05-18T09:05:08.359Z  
error: Not found, 2024-05-18T09:12:59.425Z  
error: Not found, 2024-05-18T09:17:01.096Z  
error: Not found, 2024-05-18T09:17:18.510Z  
error: Not found, 2024-05-18T09:17:28.943Z  
error: Not found, 2024-05-18T09:35:56.140Z  
error: Not found, 2024-05-18T09:36:24.504Z  
error: Not found, 2024-05-18T09:36:34.511Z  
error: Not found, 2024-05-18T09:37:39.004Z  
error: Not authenticated, 2024-05-18T10:26:19.551Z  
error: Invalid input, 2024-05-18T10:28:20.128Z  
error: Conflict, 2024-05-18T10:28:31.044Z  
error: E11000 duplicate key error collection: test.menucategories index: name_1 dup key: { name: "Snacks" }, 2024-05-18T10:33:15.764Z  
error: Conflict, 2024-05-18T10:33:43.187Z  
error: Conflict, 2024-05-18T10:36:07.830Z  
error: Not found, 2024-05-18T10:40:09.608Z  
error: Conflict, 2024-05-18T10:40:26.327Z  
error: Conflict, 2024-05-18T10:40:31.920Z  
error: Conflict, 2024-05-18T10:47:13.548Z  
error: Expected double-quoted property name in JSON at position 24, 2024-05-18T10:50:42.850Z  
error: Conflict, 2024-05-18T11:00:08.228Z  
error: Conflict, 2024-05-18T11:01:42.713Z  
error: Conflict, 2024-05-18T13:03:25+02:00  
error: Not found, 2024-05-18T13:05:08+02:00  
error: Not authenticated, 2024-05-18T13:14:23+02:00  
error: Not authenticated, 2024-05-18T13:16:39+02:00  
error: Not authenticated, 2024-05-18T13:24:33+02:00  
error: Not authenticated, 2024-05-18T13:24:47+02:00  
error: Not authenticated, 2024-05-18T13:26:43+02:00  
error: Not authenticated, 2024-05-18T13:28:34+02:00  
error: Not authenticated, 2024-05-18T13:28:38+02:00  
error: Not authenticated, 2024-05-18T13:28:45+02:00  
error: Not authenticated, 2024-05-18T13:29:14+02:00  
error: Invalid password, 2024-05-18T13:36:05+02:00  
error: Invalid password, 2024-05-18T13:36:26+02:00  
error: Token expired, 2024-05-18T13:38:24+02:00  
error: Token expired, 2024-05-18T13:38:29+02:00  
error: Token expired, 2024-05-18T13:38:59+02:00  
error: Conflict, 2024-05-18T13:39:39+02:00  
error: Operation `adminusers.findOne()` buffering timed out after 10000ms, 2024-05-20T14:13:13+02:00  
error: Operation `adminusers.findOne()` buffering timed out after 10000ms, 2024-05-20T14:14:04+02:00  
error: Token expired, 2024-05-20T14:17:32+02:00  
error: Conflict, 2024-05-20T14:25:16+02:00  
error: Conflict, 2024-05-20T14:25:23+02:00  
error: Token expired, 2024-05-20T15:01:50+02:00  
error: Token expired, 2024-05-20T15:04:14+02:00  
error: Token expired, 2024-05-20T15:04:20+02:00  
error: Not authenticated, 2024-05-20T15:05:22+02:00  
error: Token expired, 2024-05-20T15:05:30+02:00  
error: Token expired, 2024-05-20T15:06:09+02:00  
error: Token expired, 2024-05-20T15:06:18+02:00  
error: Not authenticated, 2024-05-20T15:09:31+02:00  
error: Not authenticated, 2024-05-20T15:09:33+02:00  
error: Not authenticated, 2024-05-20T15:09:49+02:00  
error: Not authenticated, 2024-05-20T15:09:52+02:00  
error: Not authenticated, 2024-05-20T15:09:53+02:00  
error: Not authenticated, 2024-05-20T15:09:58+02:00  
error: Not authenticated, 2024-05-20T15:10:26+02:00  
error: Not authenticated, 2024-05-20T15:12:30+02:00  
error: Invalid password, 2024-05-20T15:23:47+02:00  
error: Not authenticated, 2024-05-20T15:24:16+02:00  
error: Not authenticated, 2024-05-20T15:24:30+02:00  
error: Not authenticated, 2024-05-20T15:24:33+02:00  
error: Conflict, 2024-05-20T15:25:40+02:00  
error: Not authenticated, 2024-05-20T15:36:39+02:00  
error: Not admin user, 2024-05-20T15:39:52+02:00  
error: Conflict, 2024-05-20T15:41:12+02:00  
error: Not admin user, 2024-05-20T15:47:23+02:00  
error: Not admin user, 2024-05-20T15:48:32+02:00  
error: schemas.Topping.delete is not a function, 2024-05-20T15:48:38+02:00  
error: orders is not defined, 2024-05-20T16:00:15+02:00  
error: Not admin user, 2024-05-20T16:58:18+02:00  
error: Cast to string failed for value "{ orderid: '1' }" (type Object) at path "order_id" for model "Order", 2024-05-20T16:59:39+02:00  
error: Cast to string failed for value "{ orderid: '5' }" (type Object) at path "order_id" for model "Order", 2024-05-20T17:01:04+02:00  
error: Invalid password, 2024-05-20T17:25:33+02:00  
error: Not authenticated, 2024-05-20T17:25:59+02:00  
error: Not authenticated, 2024-05-20T17:26:08+02:00  
error: Not authenticated, 2024-05-20T17:26:12+02:00  
error: Not authenticated, 2024-05-20T17:26:14+02:00  
error: Not authenticated, 2024-05-20T17:35:01+02:00  
error: authorizationHeader is not defined, 2024-05-20T17:35:48+02:00  
error: authorizationHeader is not defined, 2024-05-20T17:35:50+02:00  
error: Not found, 2024-05-20T20:37:30+02:00  
error: name is not defined, 2024-05-20T20:39:56+02:00  
error: categories is not defined, 2024-05-20T20:56:58+02:00  
error: categories is not defined, 2024-05-20T20:57:06+02:00  
error: categories is not defined, 2024-05-20T20:57:17+02:00  
error: name is not defined, 2024-05-20T21:00:59+02:00  
error: Conflict, 2024-05-20T21:09:20+02:00  
error: Meal validation failed: category_id: Path `category_id` is required., 2024-05-20T21:10:56+02:00  
error: Invalid input, 2024-05-20T21:11:21+02:00  
error: Meal validation failed: category_id: Cast to ObjectId failed for value "2" (type string) at path "category_id" because of "BSONError", 2024-05-20T21:11:49+02:00  
error: Meal validation failed: category_id: Cast to ObjectId failed for value "2" (type string) at path "category_id" because of "BSONError", 2024-05-20T21:12:28+02:00  
error: mongoose is not defined, 2024-05-20T21:14:07+02:00  
error: Class constructor ObjectId cannot be invoked without 'new', 2024-05-20T21:14:23+02:00  
error: Invalid input, 2024-05-20T21:15:46+02:00  
error: Invalid input, 2024-05-20T21:16:03+02:00  
error: Meal validation failed: category_id: Cast to ObjectId failed for value "5" (type number) at path "category_id" because of "BSONError", 2024-05-20T21:16:08+02:00  
error: Invalid input, 2024-05-20T21:16:27+02:00  
error: Invalid input, 2024-05-20T21:18:59+02:00  
error: Invalid input, 2024-05-20T21:26:41+02:00  
error: Conflict, 2024-05-20T21:27:41+02:00  
error: Not found, 2024-05-20T21:30:42+02:00  
error: Not found, 2024-05-20T21:32:08+02:00  
error: Conflict, 2024-05-20T21:32:12+02:00  
error: Not found, 2024-05-20T21:40:53+02:00  
error: Not found, 2024-05-20T21:41:07+02:00  
error: Not found, 2024-05-20T21:51:08+02:00  
error: Not found, 2024-05-20T21:54:09+02:00  
error: Not found, 2024-05-20T21:54:25+02:00  
error: Not found, 2024-05-20T21:54:31+02:00  
error: order is not defined, 2024-05-20T22:16:28+02:00  
error: order is not defined, 2024-05-20T22:16:43+02:00  
error: Cannot read properties of undefined (reading 'id'), 2024-05-20T22:19:04+02:00  
error: Cannot read properties of undefined (reading 'id'), 2024-05-20T22:21:28+02:00  
error: Not authenticated, 2024-05-21T10:51:18+02:00  
error: Not admin user, 2024-05-21T10:51:44+02:00  
error: Table validation failed: qr_code_url: Cast to string failed for value "{
  create: [Function: create],
  toCanvas: [Function: bound renderCanvas],
  toString: [Function: toString],
  toDataURL: [Function: toDataURL],
  toBuffer: [Function: toBuffer],
  toFile: [Function: toFile],
  toFileStream: [Function: toFileStream]
}" (type Object) at path "qr_code_url", 2024-05-21T10:52:31+02:00  
error: Table validation failed: qr_code_url: Cast to string failed for value "{
  create: [Function: create],
  toCanvas: [Function: bound renderCanvas],
  toString: [Function: toString],
  toDataURL: [Function: toDataURL],
  toBuffer: [Function: toBuffer],
  toFile: [Function: toFile],
  toFileStream: [Function: toFileStream]
}" (type Object) at path "qr_code_url", 2024-05-21T12:10:14+02:00  
error: Table 2 already exists, 2024-05-21T12:11:09+02:00  
error: Table 1 already exists, 2024-05-21T12:19:31+02:00  
error: Table 1 already exists, 2024-05-21T12:21:28+02:00  
error: table is not defined, 2024-05-21T12:21:52+02:00  
error: table is not defined, 2024-05-21T12:22:32+02:00  
error: Table id is required, 2024-05-21T12:24:44+02:00  
error: Table id is required, 2024-05-21T12:24:50+02:00  
error: table.save is not a function, 2024-05-21T12:25:54+02:00  
error: table.save is not a function, 2024-05-21T12:26:35+02:00  
error: table.save is not a function, 2024-05-21T12:26:48+02:00  
error: table.save is not a function, 2024-05-21T12:27:06+02:00  
error: Table validation failed: seats: Cast to Number failed for value "{ seats: '3' }" (type Object) at path "seats", 2024-05-21T12:28:18+02:00  
error: Seats are required, 2024-05-21T12:30:04+02:00  
error: Table 1 not found, 2024-05-21T12:32:00+02:00  
error: Operation `adminusers.findOne()` buffering timed out after 10000ms, 2024-05-21T12:46:17+02:00  
error: Bad Request Error, 2024-05-21T12:46:45+02:00  
error: Operation `adminusers.findOne()` buffering timed out after 10000ms, 2024-05-21T13:41:11+02:00  
error: Total is not defined, 2024-05-21T13:47:40+02:00  
error: Not Found Error, 2024-05-21T13:47:54+02:00  
error: Not Found Error, 2024-05-21T13:47:59+02:00  
error: Unauthorized Error, 2024-05-21T17:08:37+02:00  
error: Cannot read properties of null (reading 'table_id'), 2024-05-21T17:09:24+02:00  
error: Not Found Error, 2024-05-21T17:12:11+02:00  
error: Not Found Error, 2024-05-21T17:14:39+02:00  
error: Not Found Error, 2024-05-21T18:03:13+02:00  
error: Cannot read properties of null (reading 'table_id'), 2024-05-21T18:04:29+02:00  
error: Not Found Error, 2024-05-21T18:06:31+02:00  
error: Not Found Error, 2024-05-21T18:06:33+02:00  
error: Not Found Error, 2024-05-21T18:06:40+02:00  
error: Unauthorized Error, 2024-05-21T18:07:16+02:00  
error: Unauthorized Error, 2024-05-21T18:07:31+02:00  
error: Unauthorized Error, 2024-05-21T18:07:34+02:00  
error: Not Found Error, 2024-05-21T18:10:55+02:00  
error: Unauthorized Error, 2024-05-21T18:11:35+02:00  
error: Unauthorized Error, 2024-05-21T18:11:37+02:00  
error: Unauthorized Error, 2024-05-21T18:11:45+02:00  
error: Unauthorized Error, 2024-05-21T18:11:55+02:00  
error: Unauthorized Error, 2024-05-21T18:12:16+02:00  
error: Unauthorized Error, 2024-05-21T18:18:33+02:00  
error: Unauthorized Error, 2024-05-21T18:18:53+02:00  
error: Unauthorized Error, 2024-05-21T18:18:54+02:00  
error: Unauthorized Error, 2024-05-21T18:19:06+02:00  
error: Unauthorized Error, 2024-05-21T18:19:12+02:00  
error: Unauthorized Error, 2024-05-21T18:20:25+02:00  
error: Unauthorized Error, 2024-05-21T18:23:12+02:00  
error: Unauthorized Error, 2024-05-21T18:26:08+02:00  
error: Unauthorized Error, 2024-05-21T18:26:24+02:00  
error: Unauthorized Error, 2024-05-21T18:26:31+02:00  
error: Unauthorized Error, 2024-05-21T18:26:37+02:00  
error: Unauthorized Error, 2024-05-21T18:31:15+02:00  
error: Unauthorized Error, 2024-05-21T18:31:34+02:00  
error: Unauthorized Error, 2024-05-21T18:31:40+02:00  
error: Operation `adminusers.findOne()` buffering timed out after 10000ms, 2024-05-21T19:06:41+02:00  
error: Unauthorized Error, 2024-05-21T19:07:11+02:00  
error: Unauthorized Error, 2024-05-21T19:14:41+02:00  
error: Not Found Error, 2024-05-21T19:14:50+02:00  
error: Not Found Error, 2024-05-21T19:15:32+02:00  
error: Unauthorized Error, 2024-05-21T22:15:41+02:00  
error: Unauthorized Error, 2024-05-21T22:16:20+02:00  
error: Not found Error, 2024-05-22T00:34:49+02:00  
error: Conflict Error, 2024-05-22T00:34:58+02:00  
error: Conflict Error, 2024-05-22T00:35:07+02:00  
error: Not Found Error, 2024-05-22T00:38:07+02:00  
error: Not Found Error, 2024-05-22T00:38:31+02:00  
error: Not Found Error, 2024-05-22T00:39:20+02:00  
error: Unauthorized Error, 2024-05-24T15:39:06+02:00  
error: Not Found Error, 2024-05-29T12:08:40+02:00  
error: Parameter "filter" to find() must be an object, got "" (type object), 2024-05-29T12:25:05+02:00  
error: cart_items is not defined, 2024-05-29T12:25:29+02:00  
error: Not Found Error, 2024-05-29T15:58:12+02:00  
error: Conflict Error, 2024-05-29T16:55:57+02:00  
error: E11000 duplicate key error collection: test.carts index: cart_id_1 dup key: { cart_id: null }, 2024-05-29T16:56:04+02:00  
error: Not Found Error, 2024-05-29T17:01:08+02:00  
error: Total is not defined, 2024-05-29T17:13:19+02:00  
error: meals is not defined, 2024-05-29T17:14:53+02:00  
error: Cannot set properties of undefined (setting 'quantity'), 2024-05-29T17:34:08+02:00  
error: Not Found Error, 2024-05-29T17:36:00+02:00  
error: Not Found Error, 2024-05-29T17:36:14+02:00  
error: Not Found Error, 2024-05-29T17:36:27+02:00  
error: The field 'name' must be an accumulator object, 2024-05-29T17:39:31+02:00  
error: The field 'category' must be an accumulator object, 2024-05-29T17:41:38+02:00  
error: The field 'category' must be an accumulator object, 2024-05-29T17:42:34+02:00  
error: The field 'category' must be an accumulator object, 2024-05-29T17:42:41+02:00  
error: Cannot access 'meals' before initialization, 2024-05-29T17:43:59+02:00  
error: Not Found Error, 2024-05-29T17:45:50+02:00  
error: Not Found Error, 2024-05-29T17:51:45+02:00  
error: Not Found Error, 2024-05-29T17:52:24+02:00  
error: Not Found Error, 2024-05-29T17:52:43+02:00  
error: Cannot read properties of null (reading 'name'), 2024-05-29T17:55:02+02:00  
error: Cannot do inclusion on field name in exclusion projection, 2024-05-29T17:58:52+02:00  
error: Not Found Error, 2024-05-29T18:00:10+02:00  
error: Cannot read properties of undefined (reading '$elemMatch'), 2024-05-29T18:00:54+02:00  
error: Cannot read properties of undefined (reading 'toString'), 2024-05-29T18:05:44+02:00  
error: Cannot read properties of undefined (reading 'quantity'), 2024-05-29T18:06:01+02:00  
error: getaddrinfo ENOTFOUND ac-pku8gsz-shard-00-00.pb9s6te.mongodb.net, 2024-05-29T18:24:30+02:00  
error: Unauthorized Error, 2024-05-29T18:28:49+02:00  
error: Unauthorized Error, 2024-05-29T18:28:51+02:00  
error: Unauthorized Error, 2024-05-29T18:28:52+02:00  
error: Not Found Error, 2024-05-29T18:30:24+02:00  
error: Not Found Error, 2024-05-29T18:30:36+02:00  
error: Not Found Error, 2024-05-29T18:30:59+02:00  
error: #<Object> is not a function, 2024-05-29T18:31:37+02:00  
error: #<Object> is not a function, 2024-05-29T18:32:20+02:00  
error: Not Found Error, 2024-05-29T18:33:21+02:00  
error: Not Found Error, 2024-05-29T18:34:41+02:00  
error: meal is not defined, 2024-05-29T18:37:40+02:00  
error: meal is not defined, 2024-05-29T18:37:50+02:00  
error: meal is not defined, 2024-05-29T18:39:35+02:00  
error: meal is not defined, 2024-05-29T18:39:50+02:00  
error: Not Found Error, 2024-05-29T18:40:19+02:00  
error: meal is not defined, 2024-05-29T18:40:48+02:00  
error: deleted_meal is not defined, 2024-05-29T18:41:20+02:00  
error: deleted_meal is not defined, 2024-05-29T18:41:52+02:00  
error: Not Found Error, 2024-05-29T20:30:19+02:00  
error: cart is not defined, 2024-05-29T20:31:20+02:00  
error: Not Found Error, 2024-05-29T20:31:50+02:00  
error: meal is not defined, 2024-05-29T20:32:11+02:00  
error: meal is not defined, 2024-05-29T20:33:29+02:00  
error: Not Found Error, 2024-08-27T00:34:29+02:00  
error: Cast to ObjectId failed for value "1" (type string) at path "_id" for model "Meal", 2024-08-27T00:35:40+02:00  
error: Cast to ObjectId failed for value "1" (type string) at path "_id" for model "Meal", 2024-08-27T00:37:10+02:00  
error: Not Found Error, 2024-08-27T00:39:08+02:00  
error: Not Found Error, 2024-08-27T00:39:36+02:00  
error: Not Found Error, 2024-08-27T00:40:09+02:00  
error: Not Found Error, 2024-08-27T00:40:32+02:00  
error: Not Found Error, 2024-08-27T01:11:55+02:00  
error: Bad Request Error, 2024-08-27T01:14:21+02:00  
error: Not Found Error, 2024-08-27T01:14:54+02:00  
error: Not Found Error, 2024-08-27T01:23:47+02:00  
error: Not Found Error, 2024-08-27T01:26:03+02:00  
error: Cannot do inclusion on field quantity in exclusion projection, 2024-08-27T01:40:59+02:00  
error: Cannot do exclusion on field quantity in inclusion projection, 2024-08-27T01:44:24+02:00  
error: meal_ids is not defined, 2024-08-27T01:50:43+02:00  
error: totalCost is not defined, 2024-08-27T01:57:33+02:00  
error: Cart validation failed: total_cost: Cast to Number failed for value "NaN" (type number) at path "total_cost", 2024-08-27T02:02:03+02:00  
error: Cart validation failed: total_cost: Cast to Number failed for value "NaN" (type number) at path "total_cost", 2024-08-27T02:02:12+02:00  
error: Cart validation failed: total_cost: Cast to Number failed for value "NaN" (type number) at path "total_cost", 2024-08-27T02:02:34+02:00  
error: Cart validation failed: total_cost: Cast to Number failed for value "NaN" (type number) at path "total_cost", 2024-08-27T02:04:01+02:00  
error: Cart validation failed: total_cost: Cast to Number failed for value "NaN" (type number) at path "total_cost", 2024-08-27T02:04:13+02:00  
error: meal is not defined, 2024-08-27T02:09:46+02:00  
error: Unauthorized Error, 2024-08-27T14:48:06+02:00  
error: Not found Error, 2024-08-27T14:48:36+02:00  
error: meal is not defined, 2024-08-27T14:50:38+02:00  
error: meal is not defined, 2024-08-27T14:51:42+02:00  
error: cart is not defined, 2024-08-27T14:54:01+02:00  
error: meals is not defined, 2024-08-27T14:54:45+02:00  
error: meals is not defined, 2024-08-27T14:56:55+02:00  
error: meals is not defined, 2024-08-27T14:57:18+02:00  
error: cart is not defined, 2024-08-27T14:58:57+02:00  
error: cart is not defined, 2024-08-27T14:59:51+02:00  
error: cart is not defined, 2024-08-27T15:01:29+02:00  
error: cart is not defined, 2024-08-27T15:01:37+02:00  
error: cart.total_cost.save is not a function, 2024-08-27T15:02:21+02:00  
error: Cannot read properties of undefined (reading 'price'), 2024-08-27T15:31:19+02:00  
error: meal is not defined, 2024-08-27T15:32:25+02:00  
error: meal is not defined, 2024-08-27T15:34:29+02:00  
error: meal is not defined, 2024-08-27T15:37:04+02:00  
error: meal is not defined, 2024-08-27T15:38:51+02:00  
error: Not Found Error, 2024-08-27T16:28:57+02:00  
error: Not Found Error, 2024-08-27T16:34:18+02:00  
error: Not Found Error, 2024-08-27T16:35:41+02:00  
error: Not Found Error, 2024-08-27T16:36:01+02:00  
error: Not Found Error, 2024-08-27T16:36:18+02:00  
error: Not Found Error, 2024-08-27T16:42:52+02:00  
error: Cannot set properties of undefined (setting 'comment'), 2024-08-27T16:45:21+02:00  
error: Cannot set properties of undefined (setting 'comment'), 2024-08-27T16:45:33+02:00  
error: Not Found Error, 2024-08-27T16:49:27+02:00  
error: undefined, 2024-09-07T16:48:51+02:00  
error: undefined, 2024-09-07T16:48:52+02:00  
error: undefined, 2024-09-07T17:15:21+02:00  
error: undefined, 2024-09-07T17:30:38+02:00  
